Using pre-set license
Built from '2020.3/china_unity/release' branch; Version is '2020.3.6f1c1 (c884b0ebb9b3) revision 13141168'; Using compiler version '192528614'; Build Type 'Release'
OS: 'Windows 10 Pro; OS build 19042.928; Version 2009; 64bit' Language: 'zh' Physical Memory: 32706 MB
BatchMode: 1, IsHumanControllingUs: 0, StartBugReporterOnCrash: 0, Is64bit: 1, IsPro: 0

 COMMAND LINE ARGUMENTS:
C:\Program Files\Unity\Hub\Editor\2020.3.6f1c1\Editor\Unity.exe
-adb2
-batchMode
-noUpm
-name
AssetImportWorker0
-projectPath
C:/Projects/Unity/SIKI_EDU/20210505-HistoricalAdventure/HistoricalAdventure
-logFile
Logs/AssetImportWorker0.log
-srvPort
49541
Successfully changed project path to: C:/Projects/Unity/SIKI_EDU/20210505-HistoricalAdventure/HistoricalAdventure
C:/Projects/Unity/SIKI_EDU/20210505-HistoricalAdventure/HistoricalAdventure
Using Asset Import Pipeline V2.
Refreshing native plugins compatible for Editor in 41.02 ms, found 0 plugins.
Preloading 0 native plugins for Editor in 0.00 ms.
Initialize engine version: 2020.3.6f1c1 (c884b0ebb9b3)
[Subsystems] Discovering subsystems at path C:/Program Files/Unity/Hub/Editor/2020.3.6f1c1/Editor/Data/Resources/UnitySubsystems
[Subsystems] Discovering subsystems at path C:/Projects/Unity/SIKI_EDU/20210505-HistoricalAdventure/HistoricalAdventure/Assets
GfxDevice: creating device client; threaded=0
Direct3D:
    Version:  Direct3D 11.0 [level 11.1]
    Renderer: NVIDIA GeForce GTX 1660 SUPER (ID=0x21c4)
    Vendor:   
    VRAM:     5991 MB
    Driver:   27.21.14.5671
Initialize mono
Mono path[0] = 'C:/Program Files/Unity/Hub/Editor/2020.3.6f1c1/Editor/Data/Managed'
Mono path[1] = 'C:/Program Files/Unity/Hub/Editor/2020.3.6f1c1/Editor/Data/MonoBleedingEdge/lib/mono/unityjit'
Mono config path = 'C:/Program Files/Unity/Hub/Editor/2020.3.6f1c1/Editor/Data/MonoBleedingEdge/etc'
Using monoOptions --debugger-agent=transport=dt_socket,embedding=1,server=y,suspend=n,address=127.0.0.1:56336
Begin MonoManager ReloadAssembly
Registering precompiled unity dll's ...
Register platform support module: C:/Program Files/Unity/Hub/Editor/2020.3.6f1c1/Editor/Data/PlaybackEngines/WindowsStandaloneSupport/UnityEditor.WindowsStandalone.Extensions.dll
Registered in 0.102845 seconds.
Native extension for WindowsStandalone target not found
Refreshing native plugins compatible for Editor in 34.99 ms, found 0 plugins.
Preloading 0 native plugins for Editor in 0.00 ms.
Mono: successfully reloaded assembly
- Completed reload, in  4.106 seconds
Platform modules already initialized, skipping
Registering precompiled user dll's ...
Registered in 0.048334 seconds.
Begin MonoManager ReloadAssembly
Native extension for WindowsStandalone target not found
Refreshing native plugins compatible for Editor in 0.26 ms, found 0 plugins.
Preloading 0 native plugins for Editor in 0.00 ms.
Mono: successfully reloaded assembly
- Completed reload, in  1.900 seconds
Platform modules already initialized, skipping
========================================================================
Worker process is ready to serve import requests
Launched and connected shader compiler UnityShaderCompiler.exe after 0.06 seconds
Refreshing native plugins compatible for Editor in 0.26 ms, found 0 plugins.
Preloading 0 native plugins for Editor in 0.00 ms.
Unloading 1239 Unused Serialized files (Serialized files now loaded: 0)
System memory in use before: 91.7 MB.
System memory in use after: 91.4 MB.

Unloading 11 unused Assets to reduce memory usage. Loaded Objects now: 1708.
Total: 1.923300 ms (FindLiveObjects: 0.179500 ms CreateObjectMapping: 0.050700 ms MarkObjects: 1.403200 ms  DeleteObjects: 0.288800 ms)

========================================================================
Received Import Request.
  path: Assets/Scripts/FollowTarget.cs
  artifactKey: Guid(186f2a8694a2e794f9f3a15adef378b9) Importer(815301076,1909f56bfc062723c751e8b465ee728b)
Start importing Assets/Scripts/FollowTarget.cs using Guid(186f2a8694a2e794f9f3a15adef378b9) Importer(815301076,1909f56bfc062723c751e8b465ee728b)  -> (artifact id: 'fc8ad7cbb1ab8c4f2a10761275915652') in 0.019964 seconds
  Import took 0.022187 seconds .

========================================================================
Received Import Request.
  Time since last request: 0.000261 seconds.
  path: Assets/Scripts/Hero.cs
  artifactKey: Guid(f8c1bc45a8c29f14daea04b2afaef45e) Importer(815301076,1909f56bfc062723c751e8b465ee728b)
Start importing Assets/Scripts/Hero.cs using Guid(f8c1bc45a8c29f14daea04b2afaef45e) Importer(815301076,1909f56bfc062723c751e8b465ee728b)  -> (artifact id: '1264b8faa2dcc2d2dc86e95ec193b1a6') in 0.005079 seconds
  Import took 0.007039 seconds .

========================================================================
Received Prepare
Registering precompiled user dll's ...
Registered in 0.000642 seconds.
Begin MonoManager ReloadAssembly
Native extension for WindowsStandalone target not found
Refreshing native plugins compatible for Editor in 0.26 ms, found 0 plugins.
Preloading 0 native plugins for Editor in 0.00 ms.
Mono: successfully reloaded assembly
- Completed reload, in  0.724 seconds
Platform modules already initialized, skipping
Switching build target platform(5) subTarget(0) extendedPlatform(0) -> platform(13) subTarget(537395200) extendedPlatform(0)
Refreshing native plugins compatible for Editor in 0.26 ms, found 0 plugins.
Preloading 0 native plugins for Editor in 0.00 ms.
Unloading 1218 Unused Serialized files (Serialized files now loaded: 0)
System memory in use before: 89.4 MB.
System memory in use after: 89.1 MB.

Unloading 6 unused Assets to reduce memory usage. Loaded Objects now: 1711.
Total: 1.947700 ms (FindLiveObjects: 0.200300 ms CreateObjectMapping: 0.062500 ms MarkObjects: 1.410400 ms  DeleteObjects: 0.273700 ms)

AssetImportParameters requested are different than current active one (requested -> active):
  custom:graphics/normal-map-encoding: 01000000000000000000000000000000 -> 02000000000000000000000000000000
========================================================================
Received Import Request.
  Time since last request: 2436.723375 seconds.
  path: Assets/Scripts/Hero.cs
  artifactKey: Guid(f8c1bc45a8c29f14daea04b2afaef45e) Importer(815301076,1909f56bfc062723c751e8b465ee728b)
Start importing Assets/Scripts/Hero.cs using Guid(f8c1bc45a8c29f14daea04b2afaef45e) Importer(815301076,1909f56bfc062723c751e8b465ee728b)  -> (artifact id: 'fd8906acec22ec5c0b4c9ad0b184ce26') in 0.005425 seconds
  Import took 0.007240 seconds .

========================================================================
Received Prepare
Registering precompiled user dll's ...
Registered in 0.000547 seconds.
Begin MonoManager ReloadAssembly
Native extension for WindowsStandalone target not found
Refreshing native plugins compatible for Editor in 0.26 ms, found 0 plugins.
Preloading 0 native plugins for Editor in 0.00 ms.
Mono: successfully reloaded assembly
- Completed reload, in  0.724 seconds
Platform modules already initialized, skipping
Switching build target platform(5) subTarget(0) extendedPlatform(0) -> platform(13) subTarget(537395200) extendedPlatform(0)
Refreshing native plugins compatible for Editor in 0.26 ms, found 0 plugins.
Preloading 0 native plugins for Editor in 0.00 ms.
Unloading 1218 Unused Serialized files (Serialized files now loaded: 0)
System memory in use before: 89.4 MB.
System memory in use after: 89.1 MB.

Unloading 6 unused Assets to reduce memory usage. Loaded Objects now: 1714.
Total: 1.686200 ms (FindLiveObjects: 0.143000 ms CreateObjectMapping: 0.033900 ms MarkObjects: 1.237000 ms  DeleteObjects: 0.271300 ms)

AssetImportParameters requested are different than current active one (requested -> active):
  custom:graphics/normal-map-encoding: 01000000000000000000000000000000 -> 02000000000000000000000000000000
========================================================================
Received Prepare
Registering precompiled user dll's ...
Registered in 0.000686 seconds.
Begin MonoManager ReloadAssembly
Native extension for WindowsStandalone target not found
Refreshing native plugins compatible for Editor in 0.28 ms, found 0 plugins.
Preloading 0 native plugins for Editor in 0.00 ms.
Mono: successfully reloaded assembly
- Completed reload, in  0.715 seconds
Platform modules already initialized, skipping
Switching build target platform(5) subTarget(0) extendedPlatform(0) -> platform(13) subTarget(537395200) extendedPlatform(0)
Refreshing native plugins compatible for Editor in 0.26 ms, found 0 plugins.
Preloading 0 native plugins for Editor in 0.00 ms.
Unloading 1218 Unused Serialized files (Serialized files now loaded: 0)
System memory in use before: 89.4 MB.
System memory in use after: 89.1 MB.

Unloading 6 unused Assets to reduce memory usage. Loaded Objects now: 1717.
Total: 2.305600 ms (FindLiveObjects: 0.261800 ms CreateObjectMapping: 0.085600 ms MarkObjects: 1.679400 ms  DeleteObjects: 0.278100 ms)

AssetImportParameters requested are different than current active one (requested -> active):
  custom:graphics/normal-map-encoding: 01000000000000000000000000000000 -> 02000000000000000000000000000000
========================================================================
Received Import Request.
  Time since last request: 221.499612 seconds.
  path: Assets/FX/Fire/flame 4x4.jpg
  artifactKey: Guid(244898eded8e7c547b41f2de30756d9b) Importer(815301076,1909f56bfc062723c751e8b465ee728b)
Start importing Assets/FX/Fire/flame 4x4.jpg using Guid(244898eded8e7c547b41f2de30756d9b) Importer(815301076,1909f56bfc062723c751e8b465ee728b)  -> (artifact id: '7397cd61a80e8edc50d4a55e675f1516') in 0.063472 seconds
  Import took 0.065413 seconds .

AssetImportWorkerClient::OnTransportError - code=2 error=End of file
